2017-10-23 14:53:27,903 p=26173 u=ccone |  - OULibraries.apache2 (v2016-10-17.0) is already installed, skipping.
2017-10-23 14:53:27,905 p=26173 u=ccone |  - OULibraries.autofs (v2017-05-09.0) is already installed, skipping.
2017-10-23 14:53:27,905 p=26173 u=ccone |  - OULibraries.cas (master) is already installed, skipping.
2017-10-23 14:53:27,906 p=26173 u=ccone |  - OULibraries.centos7 (v2017-06-06.0) is already installed, skipping.
2017-10-23 14:53:27,907 p=26173 u=ccone |  - OULibraries.celery-worker is already installed, skipping.
2017-10-23 14:53:27,907 p=26173 u=ccone |  - OULibraries.d7 (v2017-04-28.0) is already installed, skipping.
2017-10-23 14:53:27,908 p=26173 u=ccone |  - OULibraries.d7-islandora (master) is already installed, skipping.
2017-10-23 14:53:27,909 p=26173 u=ccone |  - OULibraries.docker-host (v2016-12-21.0) is already installed, skipping.
2017-10-23 14:53:27,909 p=26173 u=ccone |  - OULibraries.ec2-cloudwatch-logs (master) is already installed, skipping.
2017-10-23 14:53:27,910 p=26173 u=ccone |  - OULibraries.ec2-init (v2017-05-31.0) is already installed, skipping.
2017-10-23 14:53:27,911 p=26173 u=ccone |  - OULibraries.fcrepo3 (master) is already installed, skipping.
2017-10-23 14:53:27,912 p=26173 u=ccone |  - OULibraries.gitlab (master) is already installed, skipping.
2017-10-23 14:53:27,912 p=26173 u=ccone |  - OULibraries.gitolite3 (master) is already installed, skipping.
2017-10-23 14:53:27,913 p=26173 u=ccone |  - OULibraries.java (master) is already installed, skipping.
2017-10-23 14:53:27,914 p=26173 u=ccone |  - OULibraries.mariadb (v2016-09-26.0) is already installed, skipping.
2017-10-23 14:53:27,915 p=26173 u=ccone |  - OULibraries.nginx (v2017-07-19.0) is already installed, skipping.
2017-10-23 14:53:27,916 p=26173 u=ccone |  - OULibraries.ojs (master) is already installed, skipping.
2017-10-23 14:53:27,916 p=26173 u=ccone |  - OULibraries.postfix-mta (v2017-04-17.1) is already installed, skipping.
2017-10-23 14:53:27,917 p=26173 u=ccone |  - OULibraries.repox (v2016-10-17.1) is already installed, skipping.
2017-10-23 14:53:27,918 p=26173 u=ccone |  - OULibraries.sclphp (master) is already installed, skipping.
2017-10-23 14:53:27,918 p=26173 u=ccone |  - OULibraries.searchgateway (master) is already installed, skipping.
2017-10-23 14:53:27,919 p=26173 u=ccone |  - geerlingguy.solr (3.6.2) is already installed, skipping.
2017-10-23 14:53:27,920 p=26173 u=ccone |  - OULibraries.solr-onesearch (master) is already installed, skipping.
2017-10-23 14:53:27,921 p=26173 u=ccone |  - OULibraries.searchgateway (master) is already installed, skipping.
2017-10-23 14:53:27,921 p=26173 u=ccone |  - OULibraries.sendmail (v2016-07-12.0) is already installed, skipping.
2017-10-23 14:53:27,922 p=26173 u=ccone |  - OULibraries.tls-cert (v2017-07-25.0) is already installed, skipping.
2017-10-23 14:53:27,923 p=26173 u=ccone |  - OULibraries.users (v2017-05-09.0) is already installed, skipping.
2017-10-23 14:53:27,923 p=26173 u=ccone |  - OULibraries.zabbix (master) is already installed, skipping.
2017-10-23 14:53:27,924 p=26173 u=ccone |  - OULibraries.zabbix-agent (master) is already installed, skipping.
2017-10-23 14:53:27,925 p=26173 u=ccone |  - OULibraries.zabbix-proxy (master) is already installed, skipping.
2017-10-23 14:53:27,926 p=26173 u=ccone |  - OULibraries.syslogng (master) is already installed, skipping.
2017-10-23 14:53:27,927 p=26173 u=ccone |  - OULibraries.syslogng-client (master) is already installed, skipping.
2017-10-23 14:53:27,928 p=26173 u=ccone |  - OULibraries.elk (master) is already installed, skipping.
2017-10-23 14:53:39,549 p=26173 u=ccone |   [ERROR]: User interrupted execution

2017-10-23 15:18:47,997 p=26582 u=ccone |  ERROR! The vault password file /home/ccone/dspace6.test/vault_password.txt was not found
2017-10-23 15:19:13,916 p=26598 u=ccone |  ERROR! the role 'OULibraries.dspace6' was not found in /home/ccone/dspace6.test/playbooks/roles:/home/ccone/dspace6.test/roles:/home/ccone/dspace6.test/playbooks

The error appears to have been in '/home/ccone/dspace6.test/playbooks/dspace6.yml': line 6, column 7, but may
be elsewhere in the file depending on the exact syntax problem.

The offending line appears to be:

  roles:
    - OULibraries.dspace6
      ^ here

2017-10-23 15:20:33,453 p=26675 u=ccone |  ERROR! the role 'OULibraries.dspace6' was not found in /home/ccone/dspace6.test/playbooks/roles:/home/ccone/dspace6.test/roles:/home/ccone/dspace6.test/playbooks

The error appears to have been in '/home/ccone/dspace6.test/playbooks/dspace6.yml': line 6, column 7, but may
be elsewhere in the file depending on the exact syntax problem.

The offending line appears to be:

  roles:
    - OULibraries.dspace6
      ^ here

2017-10-23 15:22:01,519 p=26820 u=ccone |  ERROR! the role 'OULibraries.dspace6' was not found in /home/ccone/dspace6.test/playbooks/roles:/home/ccone/dspace6.test/roles:/home/ccone/dspace6.test/playbooks

The error appears to have been in '/home/ccone/dspace6.test/playbooks/dspace6.yml': line 6, column 7, but may
be elsewhere in the file depending on the exact syntax problem.

The offending line appears to be:

  roles:
    - OULibraries.dspace6
      ^ here

2017-10-23 15:22:18,691 p=26834 u=ccone |  - OULibraries.apache2 (v2016-10-17.0) is already installed, skipping.
2017-10-23 15:22:18,692 p=26834 u=ccone |  - OULibraries.autofs (v2017-05-09.0) is already installed, skipping.
2017-10-23 15:22:18,693 p=26834 u=ccone |  - OULibraries.cas (master) is already installed, skipping.
2017-10-23 15:22:18,693 p=26834 u=ccone |  - OULibraries.centos7 (v2017-06-06.0) is already installed, skipping.
2017-10-23 15:22:18,694 p=26834 u=ccone |  - OULibraries.celery-worker is already installed, skipping.
2017-10-23 15:22:18,695 p=26834 u=ccone |  - OULibraries.d7 (v2017-04-28.0) is already installed, skipping.
2017-10-23 15:22:18,696 p=26834 u=ccone |  - OULibraries.d7-islandora (master) is already installed, skipping.
2017-10-23 15:22:18,696 p=26834 u=ccone |  - OULibraries.docker-host (v2016-12-21.0) is already installed, skipping.
2017-10-23 15:22:18,697 p=26834 u=ccone |  - OULibraries.ec2-cloudwatch-logs (master) is already installed, skipping.
2017-10-23 15:22:18,698 p=26834 u=ccone |  - OULibraries.ec2-init (v2017-05-31.0) is already installed, skipping.
2017-10-23 15:22:18,698 p=26834 u=ccone |  - OULibraries.fcrepo3 (master) is already installed, skipping.
2017-10-23 15:22:18,699 p=26834 u=ccone |  - OULibraries.gitlab (master) is already installed, skipping.
2017-10-23 15:22:18,700 p=26834 u=ccone |  - OULibraries.gitolite3 (master) is already installed, skipping.
2017-10-23 15:22:18,701 p=26834 u=ccone |  - OULibraries.java (master) is already installed, skipping.
2017-10-23 15:22:18,701 p=26834 u=ccone |  - OULibraries.mariadb (v2016-09-26.0) is already installed, skipping.
2017-10-23 15:22:18,702 p=26834 u=ccone |  - OULibraries.nginx (v2017-07-19.0) is already installed, skipping.
2017-10-23 15:22:18,703 p=26834 u=ccone |  - OULibraries.ojs (master) is already installed, skipping.
2017-10-23 15:22:18,704 p=26834 u=ccone |  - OULibraries.postfix-mta (v2017-04-17.1) is already installed, skipping.
2017-10-23 15:22:18,704 p=26834 u=ccone |  - OULibraries.repox (v2016-10-17.1) is already installed, skipping.
2017-10-23 15:22:18,705 p=26834 u=ccone |  - OULibraries.sclphp (master) is already installed, skipping.
2017-10-23 15:22:18,706 p=26834 u=ccone |  - OULibraries.searchgateway (master) is already installed, skipping.
2017-10-23 15:22:18,706 p=26834 u=ccone |  - geerlingguy.solr (3.6.2) is already installed, skipping.
2017-10-23 15:22:18,707 p=26834 u=ccone |  - OULibraries.solr-onesearch (master) is already installed, skipping.
2017-10-23 15:22:18,708 p=26834 u=ccone |  - OULibraries.searchgateway (master) is already installed, skipping.
2017-10-23 15:22:18,708 p=26834 u=ccone |  - OULibraries.sendmail (v2016-07-12.0) is already installed, skipping.
2017-10-23 15:22:18,709 p=26834 u=ccone |  - OULibraries.tls-cert (v2017-07-25.0) is already installed, skipping.
2017-10-23 15:22:18,710 p=26834 u=ccone |  - OULibraries.users (v2017-05-09.0) is already installed, skipping.
2017-10-23 15:22:18,711 p=26834 u=ccone |  - OULibraries.zabbix (master) is already installed, skipping.
2017-10-23 15:22:18,711 p=26834 u=ccone |  - OULibraries.zabbix-agent (master) is already installed, skipping.
2017-10-23 15:22:18,712 p=26834 u=ccone |  - OULibraries.zabbix-proxy (master) is already installed, skipping.
2017-10-23 15:22:18,713 p=26834 u=ccone |  - OULibraries.syslogng (master) is already installed, skipping.
2017-10-23 15:22:18,714 p=26834 u=ccone |  - OULibraries.syslogng-client (master) is already installed, skipping.
2017-10-23 15:22:18,714 p=26834 u=ccone |  - OULibraries.elk (master) is already installed, skipping.
2017-10-23 15:22:41,797 p=26834 u=ccone |   [ERROR]: User interrupted execution

2017-10-23 15:23:44,082 p=26862 u=ccone |   [ERROR]: User interrupted execution

2017-10-23 15:24:59,370 p=26872 u=ccone |   [ERROR]: User interrupted execution

2017-10-23 15:26:30,441 p=26915 u=ccone |   [ERROR]: User interrupted execution

2017-10-23 15:26:54,493 p=26951 u=ccone |  - extracting OULibraries.dspace6 to /home/ccone/dspace6.test/roles/OULibraries.dspace6
2017-10-23 15:26:54,501 p=26951 u=ccone |  - OULibraries.dspace6 (master) was installed successfully
2017-10-23 15:27:03,645 p=26968 u=ccone |  [DEPRECATION WARNING]: Instead of sudo/sudo_user, use become/become_user and make sure become_method is 'sudo' 
(default).
This feature will be removed in a future release. Deprecation warnings can be disabled by setting 
deprecation_warnings=False in ansible.cfg.
2017-10-23 15:27:03,801 p=26968 u=ccone |  PLAY [all:!ignore] **************************************************************************************************
2017-10-23 15:27:03,866 p=26968 u=ccone |  TASK [Gathering Facts] **********************************************************************************************
2017-10-23 15:27:05,377 p=26968 u=ccone |  ok: [dspace6.test.sok.ec2.internal]
2017-10-23 15:27:05,381 p=26968 u=ccone |  TASK [OULibraries.dspace6 : Install dspace dependencies] ************************************************************
2017-10-23 15:27:08,711 p=26968 u=ccone |  changed: [dspace6.test.sok.ec2.internal] => (item=[u'java-1.8.0-openjdk', u'ant', u'tomcat', u'tomcat-webapps', u'tomcat-admin-webapps'])
2017-10-23 15:27:08,716 p=26968 u=ccone |  TASK [OULibraries.dspace6 : add JAVA_OPTS to tomcat.conf] ***********************************************************
2017-10-23 15:27:09,244 p=26968 u=ccone |  changed: [dspace6.test.sok.ec2.internal]
2017-10-23 15:27:09,248 p=26968 u=ccone |  TASK [OULibraries.dspace6 : Create Apache Project installation directory] *******************************************
2017-10-23 15:27:09,765 p=26968 u=ccone |  changed: [dspace6.test.sok.ec2.internal]
2017-10-23 15:27:09,769 p=26968 u=ccone |  TASK [OULibraries.dspace6 : Download Apache maven] ******************************************************************
2017-10-23 15:27:10,360 p=26968 u=ccone |  skipping: [dspace6.test.sok.ec2.internal]
2017-10-23 15:27:10,365 p=26968 u=ccone |  TASK [OULibraries.dspace6 : Install Apache maven] *******************************************************************
2017-10-23 15:27:11,007 p=26968 u=ccone |  fatal: [dspace6.test.sok.ec2.internal]: FAILED! => {"changed": false, "failed": true, "msg": "dest '/opt/apache' must be an existing dir"}
2017-10-23 15:27:11,009 p=26968 u=ccone |  	to retry, use: --limit @/home/ccone/dspace6.test/playbooks/dspace6.retry

2017-10-23 15:27:11,009 p=26968 u=ccone |  PLAY RECAP **********************************************************************************************************
2017-10-23 15:27:11,009 p=26968 u=ccone |  dspace6.test.sok.ec2.internal : ok=4    changed=3    unreachable=0    failed=1   
